============================================================
Distributed Neural Network Training with MPI
============================================================
MPI Configuration: 4 processes
Loading data from data/nytaxi2022.csv...
Loaded 100000 rows
/Users/zengjihong/Desktop/NUS/DSA5208/Project 1/neural_network_mpi/src/neural_network_mpi.py:251: UserWarning: Could not infer format, so each element will be parsed individually, falling back to `dateutil`. To ensure parsing is consistent and as-expected, please specify a format.
  df['pickup_datetime'] = pd.to_datetime(df['tpep_pickup_datetime'], errors='coerce')
/Users/zengjihong/Desktop/NUS/DSA5208/Project 1/neural_network_mpi/src/neural_network_mpi.py:252: UserWarning: Could not infer format, so each element will be parsed individually, falling back to `dateutil`. To ensure parsing is consistent and as-expected, please specify a format.
  df['dropoff_datetime'] = pd.to_datetime(df['tpep_dropoff_datetime'], errors='coerce')
Using features: ['trip_duration', 'pickup_hour', 'passenger_count', 'trip_distance', 'RatecodeID', 'PULocationID', 'DOLocationID', 'payment_type', 'extra']
After cleaning: 86464 rows
Train set: (60524, 9), Test set: (25940, 9)
Process 0: Distributed 60524 train and 25940 test samples to 4 processes
Process 0: Initialized weights - w1: (9, 50), w2: (50, 1)

Starting training:
  Epochs: 50
  Batch size: 512
  Learning rate: 0.005
  Hidden size: 50
  Activation: relu
  Processes: 4
Epoch   1/50: Loss=3.378151, Train RMSE=1.932239, Test RMSE=2.080966
Epoch   6/50: Loss=1.735864, Train RMSE=1.930898, Test RMSE=2.079547
Epoch  11/50: Loss=1.335948, Train RMSE=1.928630, Test RMSE=2.076868
Epoch  16/50: Loss=1.480661, Train RMSE=1.927252, Test RMSE=2.075392
Epoch  21/50: Loss=3.250029, Train RMSE=1.923350, Test RMSE=2.070496
Epoch  26/50: Loss=1.808848, Train RMSE=1.922073, Test RMSE=2.069147
Epoch  31/50: Loss=1.285224, Train RMSE=1.918371, Test RMSE=2.064478
Epoch  36/50: Loss=3.502337, Train RMSE=1.915199, Test RMSE=2.060596
Epoch  41/50: Loss=1.390679, Train RMSE=1.913080, Test RMSE=2.058089
Epoch  46/50: Loss=3.284726, Train RMSE=1.910951, Test RMSE=2.055573
Epoch  50/50: Loss=1.267251, Train RMSE=1.909850, Test RMSE=2.054391

Training completed in 7.09 seconds

============================================================
TRAINING RESULTS
============================================================
Configuration:
  Activation: relu
  Hidden size: 50
  Batch size: 512
  Learning rate: 0.005
  Processes: 4

Performance:
  Train RMSE: 1.909850
  Test RMSE: 2.054391
  Training time: 7.09 seconds

Results saved to: results/result_relu_h50_b512_p4_20250916_100423.json
