============================================================
Distributed Neural Network Training with MPI
============================================================
MPI Configuration: 4 processes
Loading data from data/nytaxi2022.csv...
Loaded 100000 rows
/Users/zengjihong/Desktop/NUS/DSA5208/Project 1/neural_network_mpi/src/neural_network_mpi.py:251: UserWarning: Could not infer format, so each element will be parsed individually, falling back to `dateutil`. To ensure parsing is consistent and as-expected, please specify a format.
  df['pickup_datetime'] = pd.to_datetime(df['tpep_pickup_datetime'], errors='coerce')
/Users/zengjihong/Desktop/NUS/DSA5208/Project 1/neural_network_mpi/src/neural_network_mpi.py:252: UserWarning: Could not infer format, so each element will be parsed individually, falling back to `dateutil`. To ensure parsing is consistent and as-expected, please specify a format.
  df['dropoff_datetime'] = pd.to_datetime(df['tpep_dropoff_datetime'], errors='coerce')
Using features: ['trip_duration', 'pickup_hour', 'passenger_count', 'trip_distance', 'RatecodeID', 'PULocationID', 'DOLocationID', 'payment_type', 'extra']
After cleaning: 86464 rows
Train set: (60524, 9), Test set: (25940, 9)
Process 0: Distributed 60524 train and 25940 test samples to 4 processes
Process 0: Initialized weights - w1: (9, 35), w2: (35, 1)

Starting training:
  Epochs: 50
  Batch size: 64
  Learning rate: 0.005
  Hidden size: 35
  Activation: relu
  Processes: 4
Epoch   1/50: Loss=0.889800, Train RMSE=1.298589, Test RMSE=1.334447
Epoch   6/50: Loss=0.621881, Train RMSE=1.293807, Test RMSE=1.330131
Epoch  11/50: Loss=0.999220, Train RMSE=1.287647, Test RMSE=1.324627
Epoch  16/50: Loss=0.615770, Train RMSE=1.282151, Test RMSE=1.319834
Epoch  21/50: Loss=0.640118, Train RMSE=1.276545, Test RMSE=1.314813
Epoch  26/50: Loss=0.627738, Train RMSE=1.271644, Test RMSE=1.310539
Epoch  31/50: Loss=0.661868, Train RMSE=1.266986, Test RMSE=1.306447
Epoch  36/50: Loss=0.613466, Train RMSE=1.262315, Test RMSE=1.302311
Epoch  41/50: Loss=0.710211, Train RMSE=1.257789, Test RMSE=1.297380
Epoch  46/50: Loss=0.651507, Train RMSE=1.253655, Test RMSE=1.293791
Epoch  50/50: Loss=0.669400, Train RMSE=1.249827, Test RMSE=1.290409

Training completed in 6.73 seconds

============================================================
TRAINING RESULTS
============================================================
Configuration:
  Activation: relu
  Hidden size: 35
  Batch size: 64
  Learning rate: 0.005
  Processes: 4

Performance:
  Train RMSE: 1.249827
  Test RMSE: 1.290409
  Training time: 6.73 seconds

Results saved to: results/result_relu_h35_b64_p4_20250916_100135.json
