============================================================
Distributed Neural Network Training with MPI
============================================================
MPI Configuration: 4 processes
Loading data from data/nytaxi2022.csv...
Loaded 100000 rows
/Users/zengjihong/Desktop/NUS/DSA5208/Project 1/neural_network_mpi/src/neural_network_mpi.py:251: UserWarning: Could not infer format, so each element will be parsed individually, falling back to `dateutil`. To ensure parsing is consistent and as-expected, please specify a format.
  df['pickup_datetime'] = pd.to_datetime(df['tpep_pickup_datetime'], errors='coerce')
/Users/zengjihong/Desktop/NUS/DSA5208/Project 1/neural_network_mpi/src/neural_network_mpi.py:252: UserWarning: Could not infer format, so each element will be parsed individually, falling back to `dateutil`. To ensure parsing is consistent and as-expected, please specify a format.
  df['dropoff_datetime'] = pd.to_datetime(df['tpep_dropoff_datetime'], errors='coerce')
Using features: ['trip_duration', 'pickup_hour', 'passenger_count', 'trip_distance', 'RatecodeID', 'PULocationID', 'DOLocationID', 'payment_type', 'extra']
After cleaning: 86464 rows
Train set: (60524, 9), Test set: (25940, 9)
Process 0: Distributed 60524 train and 25940 test samples to 4 processes
Process 0: Initialized weights - w1: (9, 75), w2: (75, 1)

Starting training:
  Epochs: 50
  Batch size: 64
  Learning rate: 0.005
  Hidden size: 75
  Activation: relu
  Processes: 4
Epoch   1/50: Loss=2.878752, Train RMSE=1.833138, Test RMSE=1.834361
Epoch   6/50: Loss=0.917194, Train RMSE=1.804764, Test RMSE=1.805996
Epoch  11/50: Loss=1.536243, Train RMSE=1.766463, Test RMSE=1.767748
Epoch  16/50: Loss=1.700256, Train RMSE=1.735700, Test RMSE=1.736902
Epoch  21/50: Loss=1.449073, Train RMSE=1.708982, Test RMSE=1.710161
Epoch  26/50: Loss=1.472109, Train RMSE=1.684736, Test RMSE=1.685902
Epoch  31/50: Loss=1.769307, Train RMSE=1.656972, Test RMSE=1.658081
Epoch  36/50: Loss=1.385346, Train RMSE=1.636179, Test RMSE=1.637171
Epoch  41/50: Loss=0.657925, Train RMSE=1.613345, Test RMSE=1.614166
Epoch  46/50: Loss=1.443818, Train RMSE=1.588918, Test RMSE=1.589597
Epoch  50/50: Loss=0.990837, Train RMSE=1.570226, Test RMSE=1.570783

Training completed in 7.10 seconds

============================================================
TRAINING RESULTS
============================================================
Configuration:
  Activation: relu
  Hidden size: 75
  Batch size: 64
  Learning rate: 0.005
  Processes: 4

Performance:
  Train RMSE: 1.570226
  Test RMSE: 1.570783
  Training time: 7.10 seconds

Results saved to: results/result_relu_h75_b64_p4_20250916_100203.json
