============================================================
Distributed Neural Network Training with MPI
============================================================
MPI Configuration: 4 processes
Loading data from data/nytaxi2022.csv...
Loaded 100000 rows
/Users/zengjihong/Desktop/NUS/DSA5208/Project 1/neural_network_mpi/src/neural_network_mpi.py:251: UserWarning: Could not infer format, so each element will be parsed individually, falling back to `dateutil`. To ensure parsing is consistent and as-expected, please specify a format.
  df['pickup_datetime'] = pd.to_datetime(df['tpep_pickup_datetime'], errors='coerce')
/Users/zengjihong/Desktop/NUS/DSA5208/Project 1/neural_network_mpi/src/neural_network_mpi.py:252: UserWarning: Could not infer format, so each element will be parsed individually, falling back to `dateutil`. To ensure parsing is consistent and as-expected, please specify a format.
  df['dropoff_datetime'] = pd.to_datetime(df['tpep_dropoff_datetime'], errors='coerce')
Using features: ['trip_duration', 'pickup_hour', 'passenger_count', 'trip_distance', 'RatecodeID', 'PULocationID', 'DOLocationID', 'payment_type', 'extra']
After cleaning: 86464 rows
Train set: (60524, 9), Test set: (25940, 9)
Process 0: Distributed 60524 train and 25940 test samples to 4 processes
Process 0: Initialized weights - w1: (9, 35), w2: (35, 1)

Starting training:
  Epochs: 50
  Batch size: 64
  Learning rate: 0.005
  Hidden size: 35
  Activation: tanh
  Processes: 4
Epoch   1/50: Loss=0.750520, Train RMSE=1.209813, Test RMSE=1.221257
Epoch   6/50: Loss=0.666259, Train RMSE=1.205520, Test RMSE=1.216927
Epoch  11/50: Loss=0.787672, Train RMSE=1.200881, Test RMSE=1.212250
Epoch  16/50: Loss=0.702783, Train RMSE=1.196611, Test RMSE=1.207942
Epoch  21/50: Loss=0.650069, Train RMSE=1.192715, Test RMSE=1.204013
Epoch  26/50: Loss=0.643484, Train RMSE=1.188500, Test RMSE=1.199765
Epoch  31/50: Loss=0.686364, Train RMSE=1.184718, Test RMSE=1.195953
Epoch  36/50: Loss=0.781666, Train RMSE=1.180964, Test RMSE=1.192161
Epoch  41/50: Loss=0.843547, Train RMSE=1.176847, Test RMSE=1.188010
Epoch  46/50: Loss=0.655214, Train RMSE=1.173092, Test RMSE=1.184221
Epoch  50/50: Loss=0.891014, Train RMSE=1.169814, Test RMSE=1.180919

Training completed in 6.59 seconds

============================================================
TRAINING RESULTS
============================================================
Configuration:
  Activation: tanh
  Hidden size: 35
  Batch size: 64
  Learning rate: 0.005
  Processes: 4

Performance:
  Train RMSE: 1.169814
  Test RMSE: 1.180919
  Training time: 6.59 seconds

Results saved to: results/result_tanh_h35_b64_p4_20250916_100258.json
