============================================================
Distributed Neural Network Training with MPI
============================================================
MPI Configuration: 4 processes
Loading data from data/nytaxi2022.csv...
Loaded 100000 rows
/Users/zengjihong/Desktop/NUS/DSA5208/Project 1/neural_network_mpi/src/neural_network_mpi.py:251: UserWarning: Could not infer format, so each element will be parsed individually, falling back to `dateutil`. To ensure parsing is consistent and as-expected, please specify a format.
  df['pickup_datetime'] = pd.to_datetime(df['tpep_pickup_datetime'], errors='coerce')
/Users/zengjihong/Desktop/NUS/DSA5208/Project 1/neural_network_mpi/src/neural_network_mpi.py:252: UserWarning: Could not infer format, so each element will be parsed individually, falling back to `dateutil`. To ensure parsing is consistent and as-expected, please specify a format.
  df['dropoff_datetime'] = pd.to_datetime(df['tpep_dropoff_datetime'], errors='coerce')
Using features: ['trip_duration', 'pickup_hour', 'passenger_count', 'trip_distance', 'RatecodeID', 'PULocationID', 'DOLocationID', 'payment_type', 'extra']
After cleaning: 86464 rows
Train set: (60524, 9), Test set: (25940, 9)
Process 0: Distributed 60524 train and 25940 test samples to 4 processes
Process 0: Initialized weights - w1: (9, 55), w2: (55, 1)

Starting training:
  Epochs: 50
  Batch size: 64
  Learning rate: 0.005
  Hidden size: 55
  Activation: tanh
  Processes: 4
Epoch   1/50: Loss=0.733770, Train RMSE=1.208628, Test RMSE=1.216148
Epoch   6/50: Loss=0.350499, Train RMSE=1.202561, Test RMSE=1.210064
Epoch  11/50: Loss=0.760004, Train RMSE=1.195924, Test RMSE=1.203411
Epoch  16/50: Loss=0.772064, Train RMSE=1.189486, Test RMSE=1.196957
Epoch  21/50: Loss=0.578867, Train RMSE=1.183578, Test RMSE=1.191034
Epoch  26/50: Loss=0.709751, Train RMSE=1.177419, Test RMSE=1.184860
Epoch  31/50: Loss=0.495247, Train RMSE=1.172053, Test RMSE=1.179477
Epoch  36/50: Loss=0.653482, Train RMSE=1.166263, Test RMSE=1.173668
Epoch  41/50: Loss=0.892736, Train RMSE=1.160236, Test RMSE=1.167637
Epoch  46/50: Loss=0.445762, Train RMSE=1.155589, Test RMSE=1.162995
Epoch  50/50: Loss=0.667271, Train RMSE=1.150072, Test RMSE=1.157471

Training completed in 7.09 seconds

============================================================
TRAINING RESULTS
============================================================
Configuration:
  Activation: tanh
  Hidden size: 55
  Batch size: 64
  Learning rate: 0.005
  Processes: 4

Performance:
  Train RMSE: 1.150072
  Test RMSE: 1.157471
  Training time: 7.09 seconds

Results saved to: results/result_tanh_h55_b64_p4_20250916_100312.json
