============================================================
Distributed Neural Network Training with MPI
============================================================
MPI Configuration: 4 processes
Loading data from data/nytaxi2022.csv...
Loaded 100000 rows
/Users/zengjihong/Desktop/NUS/DSA5208/Project 1/neural_network_mpi/src/neural_network_mpi.py:251: UserWarning: Could not infer format, so each element will be parsed individually, falling back to `dateutil`. To ensure parsing is consistent and as-expected, please specify a format.
  df['pickup_datetime'] = pd.to_datetime(df['tpep_pickup_datetime'], errors='coerce')
/Users/zengjihong/Desktop/NUS/DSA5208/Project 1/neural_network_mpi/src/neural_network_mpi.py:252: UserWarning: Could not infer format, so each element will be parsed individually, falling back to `dateutil`. To ensure parsing is consistent and as-expected, please specify a format.
  df['dropoff_datetime'] = pd.to_datetime(df['tpep_dropoff_datetime'], errors='coerce')
Using features: ['trip_duration', 'pickup_hour', 'passenger_count', 'trip_distance', 'RatecodeID', 'PULocationID', 'DOLocationID', 'payment_type', 'extra']
After cleaning: 86464 rows
Train set: (60524, 9), Test set: (25940, 9)
Process 0: Distributed 60524 train and 25940 test samples to 4 processes
Process 0: Initialized weights - w1: (9, 50), w2: (50, 1)

Starting training:
  Epochs: 50
  Batch size: 32
  Learning rate: 0.0001
  Hidden size: 50
  Activation: relu
  Processes: 4
Epoch   1/50: Loss=1.767722, Train RMSE=2.002435, Test RMSE=1.923690
Epoch   6/50: Loss=1.146623, Train RMSE=2.002013, Test RMSE=1.923284
Epoch  11/50: Loss=1.072672, Train RMSE=2.001647, Test RMSE=1.922920
Epoch  16/50: Loss=0.925032, Train RMSE=2.001226, Test RMSE=1.922508
Epoch  21/50: Loss=1.194515, Train RMSE=2.000730, Test RMSE=1.922033
Epoch  26/50: Loss=0.956516, Train RMSE=2.000312, Test RMSE=1.921625
Epoch  31/50: Loss=1.045640, Train RMSE=1.999923, Test RMSE=1.921246
Epoch  36/50: Loss=1.187802, Train RMSE=1.999544, Test RMSE=1.920870
Epoch  41/50: Loss=1.653936, Train RMSE=1.999108, Test RMSE=1.920439
Epoch  46/50: Loss=1.677501, Train RMSE=1.998652, Test RMSE=1.919996
Epoch  50/50: Loss=1.283199, Train RMSE=1.998311, Test RMSE=1.919664

Training completed in 6.59 seconds

============================================================
TRAINING RESULTS
============================================================
Configuration:
  Activation: relu
  Hidden size: 50
  Batch size: 32
  Learning rate: 0.0001
  Processes: 4

Performance:
  Train RMSE: 1.998311
  Test RMSE: 1.919664
  Training time: 6.59 seconds

Results saved to: results/result_relu_h50_b32_p4_20250916_100531.json
