============================================================
Distributed Neural Network Training with MPI
============================================================
MPI Configuration: 8 processes
Loading data from data/nytaxi2022.csv...
Loaded 100000 rows
/Users/zengjihong/Desktop/NUS/DSA5208/Project 1/neural_network_mpi/src/neural_network_mpi.py:251: UserWarning: Could not infer format, so each element will be parsed individually, falling back to `dateutil`. To ensure parsing is consistent and as-expected, please specify a format.
  df['pickup_datetime'] = pd.to_datetime(df['tpep_pickup_datetime'], errors='coerce')
/Users/zengjihong/Desktop/NUS/DSA5208/Project 1/neural_network_mpi/src/neural_network_mpi.py:252: UserWarning: Could not infer format, so each element will be parsed individually, falling back to `dateutil`. To ensure parsing is consistent and as-expected, please specify a format.
  df['dropoff_datetime'] = pd.to_datetime(df['tpep_dropoff_datetime'], errors='coerce')
Using features: ['trip_duration', 'pickup_hour', 'passenger_count', 'trip_distance', 'RatecodeID', 'PULocationID', 'DOLocationID', 'payment_type', 'extra']
After cleaning: 86464 rows
Train set: (60524, 9), Test set: (25940, 9)
Process 0: Distributed 60524 train and 25940 test samples to 8 processes
Process 0: Initialized weights - w1: (9, 50), w2: (50, 1)

Starting training:
  Epochs: 50
  Batch size: 64
  Learning rate: 0.005
  Hidden size: 50
  Activation: relu
  Processes: 8
Epoch   1/50: Loss=1.467783, Train RMSE=1.936163, Test RMSE=2.062357
Epoch   6/50: Loss=1.754517, Train RMSE=1.911266, Test RMSE=2.034758
Epoch  11/50: Loss=1.294705, Train RMSE=1.890764, Test RMSE=2.012837
Epoch  16/50: Loss=1.142420, Train RMSE=1.870003, Test RMSE=1.990755
Epoch  21/50: Loss=1.966472, Train RMSE=1.848602, Test RMSE=1.968364
Epoch  26/50: Loss=1.436065, Train RMSE=1.829806, Test RMSE=1.948776
Epoch  31/50: Loss=1.044270, Train RMSE=1.810467, Test RMSE=1.926991
Epoch  36/50: Loss=1.079983, Train RMSE=1.690316, Test RMSE=1.766096
Epoch  41/50: Loss=0.778419, Train RMSE=1.675993, Test RMSE=1.751257
Epoch  46/50: Loss=0.984888, Train RMSE=1.658450, Test RMSE=1.733395
Epoch  50/50: Loss=0.881459, Train RMSE=1.646125, Test RMSE=1.720254

Training completed in 14.25 seconds

============================================================
TRAINING RESULTS
============================================================
Configuration:
  Activation: relu
  Hidden size: 50
  Batch size: 64
  Learning rate: 0.005
  Processes: 8

Performance:
  Train RMSE: 1.646125
  Test RMSE: 1.720254
  Training time: 14.25 seconds

Results saved to: results/result_relu_h50_b64_p8_20250916_100503.json
